<?xml version="1.0" encoding="UTF-8" ?>
<testsuite failures="2" time="10.639" errors="0" skipped="0" tests="2" name="com.mycompany.app.AddLocationTest">
  <properties>
[...]
</properties>
  <testcase time="5.203" classname="com.mycompany.app.AddLocationTest" name="testAddLocation">
    <failure message="Element is not clickable at point (89, 261). Other element would receive the click: &lt;div tabindex=&quot;-1&quot; ng-class=&quot;{in: modalIn}&quot; class=&quot;modal fade in&quot; style=&quot;z-index: 1050; display: block;&quot;&gt;&lt;/div&gt;
Command duration or timeout: 381 milliseconds
Build info: version: &apos;2.53.0&apos;, revision: &apos;35ae25b1534ae328c771e0856c93e187490ca824&apos;, time: &apos;2016-03-15 10:43:46&apos;
System info: host: &apos;QDEV05DALNE001&apos;, ip: &apos;172.20.200.76&apos;, os.name: &apos;Windows NT (unknown)&apos;, os.arch: &apos;x86&apos;, os.version: &apos;6.2&apos;, java.version: &apos;1.7.0_04&apos;
Session ID: 110abbfd-fdec-4ea8-a1c5-2086508a4faf
Driver info: org.openqa.selenium.firefox.FirefoxDriver
Capabilities [{platform=WINDOWS, acceptSslCerts=true, javascriptEnabled=true, browserName=firefox, rotatable=false, locationContextEnabled=true, version=42.0, cssSelectorsEnabled=true, databaseEnabled=true, handlesAlerts=true, nativeEvents=false, webStorageEnabled=true, applicationCacheEnabled=true, takesScreenshot=true}]" type="org.openqa.selenium.WebDriverException">org.openqa.selenium.WebDriverException: Element is not clickable at point (89, 261). Other element would receive the click: &lt;div tabindex=&quot;-1&quot; ng-class=&quot;{in: modalIn}&quot; class=&quot;modal fade in&quot; style=&quot;z-index: 1050; display: block;&quot;&gt;&lt;/div&gt;
Command duration or timeout: 381 milliseconds
Build info: version: &apos;2.53.0&apos;, revision: &apos;35ae25b1534ae328c771e0856c93e187490ca824&apos;, time: &apos;2016-03-15 10:43:46&apos;
System info: host: &apos;QDEV05DALNE001&apos;, ip: &apos;172.20.200.76&apos;, os.name: &apos;Windows NT (unknown)&apos;, os.arch: &apos;x86&apos;, os.version: &apos;6.2&apos;, java.version: &apos;1.7.0_04&apos;
Session ID: 110abbfd-fdec-4ea8-a1c5-2086508a4faf
Driver info: org.openqa.selenium.firefox.FirefoxDriver
Capabilities [{platform=WINDOWS, acceptSslCerts=true, javascriptEnabled=true, browserName=firefox, rotatable=false, locationContextEnabled=true, version=42.0, cssSelectorsEnabled=true, databaseEnabled=true, handlesAlerts=true, nativeEvents=false, webStorageEnabled=true, applicationCacheEnabled=true, takesScreenshot=true}]
	at sun.reflect.NativeConstructorAccessorImpl.newInstance0(Native Method)
	at sun.reflect.NativeConstructorAccessorImpl.newInstance(NativeConstructorAccessorImpl.java:57)
	at sun.reflect.DelegatingConstructorAccessorImpl.newInstance(DelegatingConstructorAccessorImpl.java:45)
	at java.lang.reflect.Constructor.newInstance(Constructor.java:525)
	at org.openqa.selenium.remote.ErrorHandler.createThrowable(ErrorHandler.java:206)
	at org.openqa.selenium.remote.ErrorHandler.throwIfResponseFailed(ErrorHandler.java:158)
	at org.openqa.selenium.remote.RemoteWebDriver.execute(RemoteWebDriver.java:678)
	at org.openqa.selenium.remote.RemoteWebElement.execute(RemoteWebElement.java:327)
	at org.openqa.selenium.remote.RemoteWebElement.click(RemoteWebElement.java:85)
	at com.mycompany.app.AddLocationTest.testAddLocation(AddLocationTest.java:48)
</failure>
    <system-out>Configuring TestNG with: org.apache.maven.surefire.testng.conf.TestNG652Configurator@fa70a4
</system-out>
  </testcase>
  <testcase time="5.436" classname="com.mycompany.app.AddLocationTest" name="tearDown">
    <failure message="Element is not clickable at point (1078, 25.5). Other element would receive the click: &lt;div tabindex=&quot;-1&quot; ng-class=&quot;{in: modalIn}&quot; class=&quot;modal fade in&quot; style=&quot;z-index: 1050; display: block;&quot;&gt;&lt;/div&gt;
Command duration or timeout: 142 milliseconds
Build info: version: &apos;2.53.0&apos;, revision: &apos;35ae25b1534ae328c771e0856c93e187490ca824&apos;, time: &apos;2016-03-15 10:43:46&apos;
System info: host: &apos;QDEV05DALNE001&apos;, ip: &apos;172.20.200.76&apos;, os.name: &apos;Windows NT (unknown)&apos;, os.arch: &apos;x86&apos;, os.version: &apos;6.2&apos;, java.version: &apos;1.7.0_04&apos;
Session ID: 110abbfd-fdec-4ea8-a1c5-2086508a4faf
Driver info: org.openqa.selenium.firefox.FirefoxDriver
Capabilities [{platform=WINDOWS, acceptSslCerts=true, javascriptEnabled=true, browserName=firefox, rotatable=false, locationContextEnabled=true, version=42.0, cssSelectorsEnabled=true, databaseEnabled=true, handlesAlerts=true, nativeEvents=false, webStorageEnabled=true, applicationCacheEnabled=true, takesScreenshot=true}]" type="org.openqa.selenium.WebDriverException">org.openqa.selenium.WebDriverException: Element is not clickable at point (1078, 25.5). Other element would receive the click: &lt;div tabindex=&quot;-1&quot; ng-class=&quot;{in: modalIn}&quot; class=&quot;modal fade in&quot; style=&quot;z-index: 1050; display: block;&quot;&gt;&lt;/div&gt;
Command duration or timeout: 142 milliseconds
Build info: version: &apos;2.53.0&apos;, revision: &apos;35ae25b1534ae328c771e0856c93e187490ca824&apos;, time: &apos;2016-03-15 10:43:46&apos;
System info: host: &apos;QDEV05DALNE001&apos;, ip: &apos;172.20.200.76&apos;, os.name: &apos;Windows NT (unknown)&apos;, os.arch: &apos;x86&apos;, os.version: &apos;6.2&apos;, java.version: &apos;1.7.0_04&apos;
Session ID: 110abbfd-fdec-4ea8-a1c5-2086508a4faf
Driver info: org.openqa.selenium.firefox.FirefoxDriver
Capabilities [{platform=WINDOWS, acceptSslCerts=true, javascriptEnabled=true, browserName=firefox, rotatable=false, locationContextEnabled=true, version=42.0, cssSelectorsEnabled=true, databaseEnabled=true, handlesAlerts=true, nativeEvents=false, webStorageEnabled=true, applicationCacheEnabled=true, takesScreenshot=true}]
	at sun.reflect.NativeConstructorAccessorImpl.newInstance0(Native Method)
	at sun.reflect.NativeConstructorAccessorImpl.newInstance(NativeConstructorAccessorImpl.java:57)
	at sun.reflect.DelegatingConstructorAccessorImpl.newInstance(DelegatingConstructorAccessorImpl.java:45)
	at java.lang.reflect.Constructor.newInstance(Constructor.java:525)
	at org.openqa.selenium.remote.ErrorHandler.createThrowable(ErrorHandler.java:206)
	at org.openqa.selenium.remote.ErrorHandler.throwIfResponseFailed(ErrorHandler.java:158)
	at org.openqa.selenium.remote.RemoteWebDriver.execute(RemoteWebDriver.java:678)
	at org.openqa.selenium.remote.RemoteWebElement.execute(RemoteWebElement.java:327)
	at org.openqa.selenium.remote.RemoteWebElement.click(RemoteWebElement.java:85)
	at com.mycompany.app.AddLocationTest.tearDown(AddLocationTest.java:66)
</failure>
  </testcase>
</testsuite>